21:45:55: Creating resource group General
21:45:55: Creating resource group Internal
21:45:55: Creating resource group Autodetect
21:45:55: Registering ResourceManager for type Mesh
21:45:55: Registering ResourceManager for type Material
21:45:55: Registering ResourceManager for type Skeleton
21:45:55: XMLMeshSerializer reading mesh data from /home/jp/git/ennui/assets/Grass.mesh.xml...
21:45:55: Reading submeshes...
21:45:55: Reading geometry...
21:45:55: Geometry done...
21:45:55: Reading geometry...
21:45:55: Geometry done...
21:45:55: Reading geometry...
21:45:55: Geometry done...
21:45:55: Submeshes done.
21:45:55: XMLMeshSerializer import successful.
21:45:55: Reorganising vertex buffers to automatic layout..
21:45:55: MeshSerializer writing mesh data to /home/jp/git/ennui/assets/Grass.mesh...
21:45:55: File header written.
21:45:55: Writing mesh data...
21:45:55: Writing submesh...
21:45:55: Exporting submesh texture aliases...
21:45:55: Submesh texture aliases exported.
21:45:55: Submesh exported.
21:45:55: Writing submesh...
21:45:55: Exporting submesh texture aliases...
21:45:55: Submesh texture aliases exported.
21:45:55: Submesh exported.
21:45:55: Writing submesh...
21:45:55: Exporting submesh texture aliases...
21:45:55: Submesh texture aliases exported.
21:45:55: Submesh exported.
21:45:55: Exporting bounds information....
21:45:55: Bounds information exported.
21:45:55: Exporting submesh name table...
21:45:55: Submesh name table exported.
21:45:55: Exporting edge lists...
21:45:55: Edge lists exported
21:45:55: Mesh data exported.
21:45:55: MeshSerializer export successful.
21:45:55: Unregistering ResourceManager for type Skeleton
21:45:55: Unregistering ResourceManager for type Material
21:45:55: Unregistering ResourceManager for type Mesh
